Vivado Simulator 2018.3
Copyright 1986-1999, 2001-2018 Xilinx, Inc. All Rights Reserved.
Running: C:/Xilinx/Vivado/2018.3/bin/unwrapped/win64.o/xelab.exe -wto c23cf00b6780437a9e77352a16fbde3e --incr --debug typical --relax --mt 2 -L xil_defaultlib -L unisims_ver -L unimacro_ver -L secureip --snapshot cpu_tb_behav xil_defaultlib.cpu_tb xil_defaultlib.glbl -log elaborate.log 
Using 2 slave threads.
Starting static elaboration
Completed static elaboration
Starting simulation data flow analysis
Completed simulation data flow analysis
Time Resolution for simulation is 1ps
Compiling module xil_defaultlib.decoder
Compiling module xil_defaultlib.aludecoder
Compiling module xil_defaultlib.controller
Compiling module xil_defaultlib.flopr
Compiling module xil_defaultlib.mux21
Compiling module xil_defaultlib.adder
Compiling module xil_defaultlib.prd
Compiling module xil_defaultlib.regfile
Compiling module xil_defaultlib.signext
Compiling module xil_defaultlib.shift2
Compiling module xil_defaultlib.eqcmp
Compiling module xil_defaultlib.pre
Compiling module xil_defaultlib.mux3
Compiling module xil_defaultlib.mux21(width=5)
Compiling module xil_defaultlib.alu
Compiling module xil_defaultlib.prm
Compiling module xil_defaultlib.prw
Compiling module xil_defaultlib.datapath
Compiling module xil_defaultlib.hazardunit
Compiling module xil_defaultlib.mips
Compiling module xil_defaultlib.imem
Compiling module xil_defaultlib.dmem
Compiling module xil_defaultlib.cpu_tb
WARNING: [XSIM 43-3373] "D:/Vivado/Projects/Pipeline/benchtest/cpu_tb.sv" Line 41. System function $fscanf is used as system task. This system function should have a LHS e.g. x=$fscanf().
WARNING: [XSIM 43-3373] "D:/Vivado/Projects/Pipeline/benchtest/cpu_tb.sv" Line 65. System function $fscanf is used as system task. This system function should have a LHS e.g. x=$fscanf().
WARNING: [XSIM 43-3373] "D:/Vivado/Projects/Pipeline/benchtest/cpu_tb.sv" Line 125. System function $fscanf is used as system task. This system function should have a LHS e.g. x=$fscanf().
WARNING: [XSIM 43-3373] "D:/Vivado/Projects/Pipeline/benchtest/cpu_tb.sv" Line 135. System function $fscanf is used as system task. This system function should have a LHS e.g. x=$fscanf().
WARNING: [XSIM 43-3373] "D:/Vivado/Projects/Pipeline/benchtest/cpu_tb.sv" Line 153. System function $fscanf is used as system task. This system function should have a LHS e.g. x=$fscanf().
Compiling module xil_defaultlib.glbl
Built simulation snapshot cpu_tb_behav
